{"/Users/Marcos.Veloso/Documents/myProjects/iweather-tests/src/assets/background.png": {"path":"/Users/Marcos.Veloso/Documents/myProjects/iweather-tests/src/assets/background.png","statementMap":{"0":{"start":{"line":1,"column":0},"end":{"line":1,"column":19}}},"fnMap":{},"branchMap":{},"s":{"0":1},"f":{},"b":{},"_coverageSchema":"1a1c01bbd47fc00a2c39e90264f33305004495a9","hash":"bbad6dc46065bbe4557bff8f0599a008687a122b"}
,"/Users/Marcos.Veloso/Documents/myProjects/iweather-tests/src/assets/bg_clear_day.png": {"path":"/Users/Marcos.Veloso/Documents/myProjects/iweather-tests/src/assets/bg_clear_day.png","statementMap":{"0":{"start":{"line":1,"column":0},"end":{"line":1,"column":19}}},"fnMap":{},"branchMap":{},"s":{"0":2},"f":{},"b":{},"_coverageSchema":"1a1c01bbd47fc00a2c39e90264f33305004495a9","hash":"2f808a43dcdc3672869768d0ae6abd7c331687e8"}
,"/Users/Marcos.Veloso/Documents/myProjects/iweather-tests/src/assets/bg_clear_night.png": {"path":"/Users/Marcos.Veloso/Documents/myProjects/iweather-tests/src/assets/bg_clear_night.png","statementMap":{"0":{"start":{"line":1,"column":0},"end":{"line":1,"column":19}}},"fnMap":{},"branchMap":{},"s":{"0":2},"f":{},"b":{},"_coverageSchema":"1a1c01bbd47fc00a2c39e90264f33305004495a9","hash":"1e12507a95b17eb5ac9f56d0a4dd454a60f2393c"}
,"/Users/Marcos.Veloso/Documents/myProjects/iweather-tests/src/assets/bg_cloudy_day.png": {"path":"/Users/Marcos.Veloso/Documents/myProjects/iweather-tests/src/assets/bg_cloudy_day.png","statementMap":{"0":{"start":{"line":1,"column":0},"end":{"line":1,"column":19}}},"fnMap":{},"branchMap":{},"s":{"0":2},"f":{},"b":{},"_coverageSchema":"1a1c01bbd47fc00a2c39e90264f33305004495a9","hash":"a775284b56a4d4f6f49044c2f8bb1ba6fc847608"}
,"/Users/Marcos.Veloso/Documents/myProjects/iweather-tests/src/assets/bg_cloudy_night.png": {"path":"/Users/Marcos.Veloso/Documents/myProjects/iweather-tests/src/assets/bg_cloudy_night.png","statementMap":{"0":{"start":{"line":1,"column":0},"end":{"line":1,"column":19}}},"fnMap":{},"branchMap":{},"s":{"0":2},"f":{},"b":{},"_coverageSchema":"1a1c01bbd47fc00a2c39e90264f33305004495a9","hash":"a5eaa37a8b6e0bcc0cdb9a664bcbeccb24c6a0e7"}
,"/Users/Marcos.Veloso/Documents/myProjects/iweather-tests/src/assets/bg_rain_day.png": {"path":"/Users/Marcos.Veloso/Documents/myProjects/iweather-tests/src/assets/bg_rain_day.png","statementMap":{"0":{"start":{"line":1,"column":0},"end":{"line":1,"column":19}}},"fnMap":{},"branchMap":{},"s":{"0":2},"f":{},"b":{},"_coverageSchema":"1a1c01bbd47fc00a2c39e90264f33305004495a9","hash":"18a4061bdf57a685f921868557edc3ae96ae33a4"}
,"/Users/Marcos.Veloso/Documents/myProjects/iweather-tests/src/assets/bg_rain_night.png": {"path":"/Users/Marcos.Veloso/Documents/myProjects/iweather-tests/src/assets/bg_rain_night.png","statementMap":{"0":{"start":{"line":1,"column":0},"end":{"line":1,"column":19}}},"fnMap":{},"branchMap":{},"s":{"0":2},"f":{},"b":{},"_coverageSchema":"1a1c01bbd47fc00a2c39e90264f33305004495a9","hash":"08c435e3dcd97dfd5b499104b5f22b74aa529aa8"}
,"/Users/Marcos.Veloso/Documents/myProjects/iweather-tests/src/assets/bg_snow_day.png": {"path":"/Users/Marcos.Veloso/Documents/myProjects/iweather-tests/src/assets/bg_snow_day.png","statementMap":{"0":{"start":{"line":1,"column":0},"end":{"line":1,"column":19}}},"fnMap":{},"branchMap":{},"s":{"0":2},"f":{},"b":{},"_coverageSchema":"1a1c01bbd47fc00a2c39e90264f33305004495a9","hash":"b4335ea4ad7c260324feef64c7d2def738cef27d"}
,"/Users/Marcos.Veloso/Documents/myProjects/iweather-tests/src/assets/bg_snow_night.png": {"path":"/Users/Marcos.Veloso/Documents/myProjects/iweather-tests/src/assets/bg_snow_night.png","statementMap":{"0":{"start":{"line":1,"column":0},"end":{"line":1,"column":19}}},"fnMap":{},"branchMap":{},"s":{"0":2},"f":{},"b":{},"_coverageSchema":"1a1c01bbd47fc00a2c39e90264f33305004495a9","hash":"9636282495f660f512126f192d8d0a7e1d399e35"}
,"/Users/Marcos.Veloso/Documents/myProjects/iweather-tests/src/assets/clear_day.svg": {"path":"/Users/Marcos.Veloso/Documents/myProjects/iweather-tests/src/assets/clear_day.svg","statementMap":{"0":{"start":{"line":2,"column":14},"end":{"line":2,"column":30}},"1":{"start":{"line":4,"column":2},"end":{"line":7,"column":4}},"2":{"start":{"line":9,"column":0},"end":{"line":9,"column":30}}},"fnMap":{"0":{"name":"SvgClear_day","decl":{"start":{"line":3,"column":9},"end":{"line":3,"column":21}},"loc":{"start":{"line":3,"column":29},"end":{"line":8,"column":1}},"line":3}},"branchMap":{},"s":{"0":4,"1":10,"2":4},"f":{"0":10},"b":{},"_coverageSchema":"1a1c01bbd47fc00a2c39e90264f33305004495a9","hash":"47395d1b109ac64c9399200ecd30defd7dd71fb8"}
,"/Users/Marcos.Veloso/Documents/myProjects/iweather-tests/src/assets/clear_night.svg": {"path":"/Users/Marcos.Veloso/Documents/myProjects/iweather-tests/src/assets/clear_night.svg","statementMap":{"0":{"start":{"line":2,"column":14},"end":{"line":2,"column":30}},"1":{"start":{"line":4,"column":2},"end":{"line":7,"column":4}},"2":{"start":{"line":9,"column":0},"end":{"line":9,"column":32}}},"fnMap":{"0":{"name":"SvgClear_night","decl":{"start":{"line":3,"column":9},"end":{"line":3,"column":23}},"loc":{"start":{"line":3,"column":31},"end":{"line":8,"column":1}},"line":3}},"branchMap":{},"s":{"0":2,"1":0,"2":2},"f":{"0":0},"b":{},"_coverageSchema":"1a1c01bbd47fc00a2c39e90264f33305004495a9","hash":"0a6580500ab67582ff92d68cdadde7c0e5630421"}
,"/Users/Marcos.Veloso/Documents/myProjects/iweather-tests/src/assets/cloudy_day.svg": {"path":"/Users/Marcos.Veloso/Documents/myProjects/iweather-tests/src/assets/cloudy_day.svg","statementMap":{"0":{"start":{"line":2,"column":14},"end":{"line":2,"column":30}},"1":{"start":{"line":4,"column":2},"end":{"line":7,"column":4}},"2":{"start":{"line":9,"column":0},"end":{"line":9,"column":31}}},"fnMap":{"0":{"name":"SvgCloudy_day","decl":{"start":{"line":3,"column":9},"end":{"line":3,"column":22}},"loc":{"start":{"line":3,"column":30},"end":{"line":8,"column":1}},"line":3}},"branchMap":{},"s":{"0":2,"1":0,"2":2},"f":{"0":0},"b":{},"_coverageSchema":"1a1c01bbd47fc00a2c39e90264f33305004495a9","hash":"2c801a200629e8dcfb201690fd8cf0f22e7062c6"}
,"/Users/Marcos.Veloso/Documents/myProjects/iweather-tests/src/assets/cloudy_night.svg": {"path":"/Users/Marcos.Veloso/Documents/myProjects/iweather-tests/src/assets/cloudy_night.svg","statementMap":{"0":{"start":{"line":2,"column":14},"end":{"line":2,"column":30}},"1":{"start":{"line":4,"column":2},"end":{"line":7,"column":4}},"2":{"start":{"line":9,"column":0},"end":{"line":9,"column":33}}},"fnMap":{"0":{"name":"SvgCloudy_night","decl":{"start":{"line":3,"column":9},"end":{"line":3,"column":24}},"loc":{"start":{"line":3,"column":32},"end":{"line":8,"column":1}},"line":3}},"branchMap":{},"s":{"0":2,"1":0,"2":2},"f":{"0":0},"b":{},"_coverageSchema":"1a1c01bbd47fc00a2c39e90264f33305004495a9","hash":"58f4a979a035573308f79eb806249306141be918"}
,"/Users/Marcos.Veloso/Documents/myProjects/iweather-tests/src/assets/drop.svg": {"path":"/Users/Marcos.Veloso/Documents/myProjects/iweather-tests/src/assets/drop.svg","statementMap":{"0":{"start":{"line":2,"column":14},"end":{"line":2,"column":30}},"1":{"start":{"line":4,"column":2},"end":{"line":7,"column":4}},"2":{"start":{"line":9,"column":0},"end":{"line":9,"column":25}}},"fnMap":{"0":{"name":"SvgDrop","decl":{"start":{"line":3,"column":9},"end":{"line":3,"column":16}},"loc":{"start":{"line":3,"column":24},"end":{"line":8,"column":1}},"line":3}},"branchMap":{},"s":{"0":2,"1":3,"2":2},"f":{"0":3},"b":{},"_coverageSchema":"1a1c01bbd47fc00a2c39e90264f33305004495a9","hash":"4861bac63fd4c063ba1d54bd9281855877cf8f5e"}
,"/Users/Marcos.Veloso/Documents/myProjects/iweather-tests/src/assets/logo.svg": {"path":"/Users/Marcos.Veloso/Documents/myProjects/iweather-tests/src/assets/logo.svg","statementMap":{"0":{"start":{"line":2,"column":14},"end":{"line":2,"column":30}},"1":{"start":{"line":4,"column":2},"end":{"line":7,"column":4}},"2":{"start":{"line":9,"column":0},"end":{"line":9,"column":25}}},"fnMap":{"0":{"name":"SvgLogo","decl":{"start":{"line":3,"column":9},"end":{"line":3,"column":16}},"loc":{"start":{"line":3,"column":24},"end":{"line":8,"column":1}},"line":3}},"branchMap":{},"s":{"0":1,"1":4,"2":1},"f":{"0":4},"b":{},"_coverageSchema":"1a1c01bbd47fc00a2c39e90264f33305004495a9","hash":"ccb2dc0638a35283752739225c86fa66f8a9945e"}
,"/Users/Marcos.Veloso/Documents/myProjects/iweather-tests/src/assets/rain.svg": {"path":"/Users/Marcos.Veloso/Documents/myProjects/iweather-tests/src/assets/rain.svg","statementMap":{"0":{"start":{"line":2,"column":14},"end":{"line":2,"column":30}},"1":{"start":{"line":4,"column":2},"end":{"line":7,"column":4}},"2":{"start":{"line":9,"column":0},"end":{"line":9,"column":25}}},"fnMap":{"0":{"name":"SvgRain","decl":{"start":{"line":3,"column":9},"end":{"line":3,"column":16}},"loc":{"start":{"line":3,"column":24},"end":{"line":8,"column":1}},"line":3}},"branchMap":{},"s":{"0":1,"1":2,"2":1},"f":{"0":2},"b":{},"_coverageSchema":"1a1c01bbd47fc00a2c39e90264f33305004495a9","hash":"e19f587ba727312979244d4308b6c0ff5dac852f"}
,"/Users/Marcos.Veloso/Documents/myProjects/iweather-tests/src/assets/rain_moment_day.svg": {"path":"/Users/Marcos.Veloso/Documents/myProjects/iweather-tests/src/assets/rain_moment_day.svg","statementMap":{"0":{"start":{"line":2,"column":14},"end":{"line":2,"column":30}},"1":{"start":{"line":4,"column":2},"end":{"line":7,"column":4}},"2":{"start":{"line":9,"column":0},"end":{"line":9,"column":36}}},"fnMap":{"0":{"name":"SvgRain_moment_day","decl":{"start":{"line":3,"column":9},"end":{"line":3,"column":27}},"loc":{"start":{"line":3,"column":35},"end":{"line":8,"column":1}},"line":3}},"branchMap":{},"s":{"0":2,"1":0,"2":2},"f":{"0":0},"b":{},"_coverageSchema":"1a1c01bbd47fc00a2c39e90264f33305004495a9","hash":"1a7178058f0fde1b42be22eac8145025873cf5c4"}
,"/Users/Marcos.Veloso/Documents/myProjects/iweather-tests/src/assets/snow_day.svg": {"path":"/Users/Marcos.Veloso/Documents/myProjects/iweather-tests/src/assets/snow_day.svg","statementMap":{"0":{"start":{"line":2,"column":14},"end":{"line":2,"column":30}},"1":{"start":{"line":4,"column":2},"end":{"line":7,"column":4}},"2":{"start":{"line":9,"column":0},"end":{"line":9,"column":29}}},"fnMap":{"0":{"name":"SvgSnow_day","decl":{"start":{"line":3,"column":9},"end":{"line":3,"column":20}},"loc":{"start":{"line":3,"column":28},"end":{"line":8,"column":1}},"line":3}},"branchMap":{},"s":{"0":2,"1":0,"2":2},"f":{"0":0},"b":{},"_coverageSchema":"1a1c01bbd47fc00a2c39e90264f33305004495a9","hash":"8eec5771c422e4fa5cdce1a474e54d526c963e01"}
,"/Users/Marcos.Veloso/Documents/myProjects/iweather-tests/src/assets/snow_night.svg": {"path":"/Users/Marcos.Veloso/Documents/myProjects/iweather-tests/src/assets/snow_night.svg","statementMap":{"0":{"start":{"line":2,"column":14},"end":{"line":2,"column":30}},"1":{"start":{"line":4,"column":2},"end":{"line":7,"column":4}},"2":{"start":{"line":9,"column":0},"end":{"line":9,"column":31}}},"fnMap":{"0":{"name":"SvgSnow_night","decl":{"start":{"line":3,"column":9},"end":{"line":3,"column":22}},"loc":{"start":{"line":3,"column":30},"end":{"line":8,"column":1}},"line":3}},"branchMap":{},"s":{"0":2,"1":0,"2":2},"f":{"0":0},"b":{},"_coverageSchema":"1a1c01bbd47fc00a2c39e90264f33305004495a9","hash":"b8eea11e6502b6a4410c39152704c5f14a347baa"}
,"/Users/Marcos.Veloso/Documents/myProjects/iweather-tests/src/assets/sun.svg": {"path":"/Users/Marcos.Veloso/Documents/myProjects/iweather-tests/src/assets/sun.svg","statementMap":{"0":{"start":{"line":2,"column":14},"end":{"line":2,"column":30}},"1":{"start":{"line":4,"column":2},"end":{"line":7,"column":4}},"2":{"start":{"line":9,"column":0},"end":{"line":9,"column":24}}},"fnMap":{"0":{"name":"SvgSun","decl":{"start":{"line":3,"column":9},"end":{"line":3,"column":15}},"loc":{"start":{"line":3,"column":23},"end":{"line":8,"column":1}},"line":3}},"branchMap":{},"s":{"0":1,"1":2,"2":1},"f":{"0":2},"b":{},"_coverageSchema":"1a1c01bbd47fc00a2c39e90264f33305004495a9","hash":"789fe9d45a3c82b8cb51d159634628c87c041d87"}
,"/Users/Marcos.Veloso/Documents/myProjects/iweather-tests/src/assets/thermometer.svg": {"path":"/Users/Marcos.Veloso/Documents/myProjects/iweather-tests/src/assets/thermometer.svg","statementMap":{"0":{"start":{"line":2,"column":14},"end":{"line":2,"column":30}},"1":{"start":{"line":4,"column":2},"end":{"line":7,"column":4}},"2":{"start":{"line":9,"column":0},"end":{"line":9,"column":32}}},"fnMap":{"0":{"name":"SvgThermometer","decl":{"start":{"line":3,"column":9},"end":{"line":3,"column":23}},"loc":{"start":{"line":3,"column":31},"end":{"line":8,"column":1}},"line":3}},"branchMap":{},"s":{"0":1,"1":2,"2":1},"f":{"0":2},"b":{},"_coverageSchema":"1a1c01bbd47fc00a2c39e90264f33305004495a9","hash":"f7e0c048a133314605fb23738f15195f7fbab287"}
,"/Users/Marcos.Veloso/Documents/myProjects/iweather-tests/src/assets/wind.svg": {"path":"/Users/Marcos.Veloso/Documents/myProjects/iweather-tests/src/assets/wind.svg","statementMap":{"0":{"start":{"line":2,"column":14},"end":{"line":2,"column":30}},"1":{"start":{"line":4,"column":2},"end":{"line":7,"column":4}},"2":{"start":{"line":9,"column":0},"end":{"line":9,"column":25}}},"fnMap":{"0":{"name":"SvgWind","decl":{"start":{"line":3,"column":9},"end":{"line":3,"column":16}},"loc":{"start":{"line":3,"column":24},"end":{"line":8,"column":1}},"line":3}},"branchMap":{},"s":{"0":1,"1":2,"2":1},"f":{"0":2},"b":{},"_coverageSchema":"1a1c01bbd47fc00a2c39e90264f33305004495a9","hash":"4ac768d905ecc3b0d9c0b34a12462f2143724295"}
,"/Users/Marcos.Veloso/Documents/myProjects/iweather-tests/src/components/Day/index.tsx": {"path":"/Users/Marcos.Veloso/Documents/myProjects/iweather-tests/src/components/Day/index.tsx","statementMap":{"0":{"start":{"line":19,"column":25},"end":{"line":19,"column":29}},"1":{"start":{"line":21,"column":2},"end":{"line":37,"column":4}}},"fnMap":{"0":{"name":"Day","decl":{"start":{"line":18,"column":16},"end":{"line":18,"column":19}},"loc":{"start":{"line":18,"column":37},"end":{"line":38,"column":1}},"line":18}},"branchMap":{},"s":{"0":8,"1":8},"f":{"0":8},"b":{},"_coverageSchema":"1a1c01bbd47fc00a2c39e90264f33305004495a9","hash":"375ecc83ceb8c88239e81e79cc85a160780875d3"}
,"/Users/Marcos.Veloso/Documents/myProjects/iweather-tests/src/components/Day/styles.ts": {"path":"/Users/Marcos.Veloso/Documents/myProjects/iweather-tests/src/components/Day/styles.ts","statementMap":{"0":{"start":{"line":4,"column":22},"end":{"line":28,"column":2}}},"fnMap":{},"branchMap":{},"s":{"0":3},"f":{},"b":{},"_coverageSchema":"1a1c01bbd47fc00a2c39e90264f33305004495a9","hash":"c02c6301d1cb459e0765bdfb5e2a258a0cd5a26d"}
,"/Users/Marcos.Veloso/Documents/myProjects/iweather-tests/src/components/Input/index.tsx": {"path":"/Users/Marcos.Veloso/Documents/myProjects/iweather-tests/src/components/Input/index.tsx","statementMap":{"0":{"start":{"line":11,"column":2},"end":{"line":28,"column":4}}},"fnMap":{"0":{"name":"Input","decl":{"start":{"line":10,"column":16},"end":{"line":10,"column":21}},"loc":{"start":{"line":10,"column":61},"end":{"line":29,"column":1}},"line":10}},"branchMap":{"0":{"loc":{"start":{"line":10,"column":24},"end":{"line":10,"column":41}},"type":"default-arg","locations":[{"start":{"line":10,"column":36},"end":{"line":10,"column":41}}],"line":10},"1":{"loc":{"start":{"line":20,"column":8},"end":{"line":25,"column":9}},"type":"binary-expr","locations":[{"start":{"line":20,"column":8},"end":{"line":20,"column":17}},{"start":{"line":21,"column":10},"end":{"line":24,"column":12}}],"line":20}},"s":{"0":10},"f":{"0":10},"b":{"0":[3],"1":[10,1]},"_coverageSchema":"1a1c01bbd47fc00a2c39e90264f33305004495a9","hash":"97ee3d001b64fb170041d7396a5d29a4c88baa99"}
,"/Users/Marcos.Veloso/Documents/myProjects/iweather-tests/src/components/Input/styles.ts": {"path":"/Users/Marcos.Veloso/Documents/myProjects/iweather-tests/src/components/Input/styles.ts","statementMap":{"0":{"start":{"line":4,"column":22},"end":{"line":19,"column":2}}},"fnMap":{},"branchMap":{},"s":{"0":3},"f":{},"b":{},"_coverageSchema":"1a1c01bbd47fc00a2c39e90264f33305004495a9","hash":"480b205f8c78729069f87200a2df7ed18750fbeb"}
,"/Users/Marcos.Veloso/Documents/myProjects/iweather-tests/src/components/Loading/index.tsx": {"path":"/Users/Marcos.Veloso/Documents/myProjects/iweather-tests/src/components/Loading/index.tsx","statementMap":{"0":{"start":{"line":7,"column":2},"end":{"line":11,"column":4}}},"fnMap":{"0":{"name":"Loading","decl":{"start":{"line":6,"column":16},"end":{"line":6,"column":23}},"loc":{"start":{"line":6,"column":26},"end":{"line":12,"column":1}},"line":6}},"branchMap":{},"s":{"0":6},"f":{"0":6},"b":{},"_coverageSchema":"1a1c01bbd47fc00a2c39e90264f33305004495a9","hash":"3cf9623bd6126ea911249ea07167ea939173bdfd"}
,"/Users/Marcos.Veloso/Documents/myProjects/iweather-tests/src/components/Loading/styles.ts": {"path":"/Users/Marcos.Veloso/Documents/myProjects/iweather-tests/src/components/Loading/styles.ts","statementMap":{"0":{"start":{"line":4,"column":22},"end":{"line":11,"column":2}}},"fnMap":{},"branchMap":{},"s":{"0":1},"f":{},"b":{},"_coverageSchema":"1a1c01bbd47fc00a2c39e90264f33305004495a9","hash":"e11cc5b88c005690dbfb118a8ddb9e83196fa363"}
,"/Users/Marcos.Veloso/Documents/myProjects/iweather-tests/src/components/NextDays/index.tsx": {"path":"/Users/Marcos.Veloso/Documents/myProjects/iweather-tests/src/components/NextDays/index.tsx","statementMap":{"0":{"start":{"line":12,"column":2},"end":{"line":20,"column":4}},"1":{"start":{"line":16,"column":10},"end":{"line":16,"column":42}}},"fnMap":{"0":{"name":"NextDays","decl":{"start":{"line":11,"column":16},"end":{"line":11,"column":24}},"loc":{"start":{"line":11,"column":42},"end":{"line":21,"column":1}},"line":11},"1":{"name":"(anonymous_1)","decl":{"start":{"line":15,"column":17},"end":{"line":15,"column":18}},"loc":{"start":{"line":16,"column":10},"end":{"line":16,"column":42}},"line":16}},"branchMap":{},"s":{"0":3,"1":7},"f":{"0":3,"1":7},"b":{},"_coverageSchema":"1a1c01bbd47fc00a2c39e90264f33305004495a9","hash":"b5c2d447c58c9b37e2a4066ce796f95839154c4c"}
,"/Users/Marcos.Veloso/Documents/myProjects/iweather-tests/src/components/NextDays/styles.ts": {"path":"/Users/Marcos.Veloso/Documents/myProjects/iweather-tests/src/components/NextDays/styles.ts","statementMap":{"0":{"start":{"line":4,"column":22},"end":{"line":14,"column":2}}},"fnMap":{},"branchMap":{},"s":{"0":2},"f":{},"b":{},"_coverageSchema":"1a1c01bbd47fc00a2c39e90264f33305004495a9","hash":"b020b777737473d1971a0cc84501dbd3a55a7ceb"}
,"/Users/Marcos.Veloso/Documents/myProjects/iweather-tests/src/components/SelectList/index.tsx": {"path":"/Users/Marcos.Veloso/Documents/myProjects/iweather-tests/src/components/SelectList/index.tsx","statementMap":{"0":{"start":{"line":17,"column":2},"end":{"line":42,"column":4}},"1":{"start":{"line":29,"column":12},"end":{"line":37,"column":31}},"2":{"start":{"line":32,"column":29},"end":{"line":32,"column":48}}},"fnMap":{"0":{"name":"SelectList","decl":{"start":{"line":16,"column":16},"end":{"line":16,"column":26}},"loc":{"start":{"line":16,"column":41},"end":{"line":43,"column":1}},"line":16},"1":{"name":"(anonymous_1)","decl":{"start":{"line":28,"column":25},"end":{"line":28,"column":26}},"loc":{"start":{"line":29,"column":12},"end":{"line":37,"column":31}},"line":29},"2":{"name":"(anonymous_2)","decl":{"start":{"line":32,"column":23},"end":{"line":32,"column":24}},"loc":{"start":{"line":32,"column":29},"end":{"line":32,"column":48}},"line":32}},"branchMap":{},"s":{"0":8,"1":2,"2":1},"f":{"0":8,"1":2,"2":1},"b":{},"_coverageSchema":"1a1c01bbd47fc00a2c39e90264f33305004495a9","hash":"4f643f9aa6a2ee61e1f8a8d541317cf92736f381"}
,"/Users/Marcos.Veloso/Documents/myProjects/iweather-tests/src/components/SelectList/styles.ts": {"path":"/Users/Marcos.Veloso/Documents/myProjects/iweather-tests/src/components/SelectList/styles.ts","statementMap":{"0":{"start":{"line":4,"column":22},"end":{"line":28,"column":2}}},"fnMap":{},"branchMap":{},"s":{"0":2},"f":{},"b":{},"_coverageSchema":"1a1c01bbd47fc00a2c39e90264f33305004495a9","hash":"7c8b0cd19c1f1bd82a1f174d2280dc2345a16362"}
,"/Users/Marcos.Veloso/Documents/myProjects/iweather-tests/src/components/WeatherDetails/index.tsx": {"path":"/Users/Marcos.Veloso/Documents/myProjects/iweather-tests/src/components/WeatherDetails/index.tsx","statementMap":{"0":{"start":{"line":26,"column":2},"end":{"line":59,"column":4}}},"fnMap":{"0":{"name":"WeatherDetails","decl":{"start":{"line":25,"column":16},"end":{"line":25,"column":30}},"loc":{"start":{"line":25,"column":48},"end":{"line":60,"column":1}},"line":25}},"branchMap":{},"s":{"0":2},"f":{"0":2},"b":{},"_coverageSchema":"1a1c01bbd47fc00a2c39e90264f33305004495a9","hash":"9683d67608eadce12831d6a2e05c362343c6994e"}
,"/Users/Marcos.Veloso/Documents/myProjects/iweather-tests/src/components/WeatherDetails/styles.ts": {"path":"/Users/Marcos.Veloso/Documents/myProjects/iweather-tests/src/components/WeatherDetails/styles.ts","statementMap":{"0":{"start":{"line":4,"column":22},"end":{"line":11,"column":2}}},"fnMap":{},"branchMap":{},"s":{"0":1},"f":{},"b":{},"_coverageSchema":"1a1c01bbd47fc00a2c39e90264f33305004495a9","hash":"0747c0199f2d6862ad682c707e70d5d9156b9797"}
,"/Users/Marcos.Veloso/Documents/myProjects/iweather-tests/src/components/WeatherItem/index.tsx": {"path":"/Users/Marcos.Veloso/Documents/myProjects/iweather-tests/src/components/WeatherItem/index.tsx","statementMap":{"0":{"start":{"line":14,"column":2},"end":{"line":26,"column":4}}},"fnMap":{"0":{"name":"WeatherItem","decl":{"start":{"line":13,"column":16},"end":{"line":13,"column":27}},"loc":{"start":{"line":13,"column":81},"end":{"line":27,"column":1}},"line":13}},"branchMap":{"0":{"loc":{"start":{"line":13,"column":56},"end":{"line":13,"column":70}},"type":"default-arg","locations":[{"start":{"line":13,"column":65},"end":{"line":13,"column":70}}],"line":13},"1":{"loc":{"start":{"line":15,"column":36},"end":{"line":15,"column":66}},"type":"binary-expr","locations":[{"start":{"line":15,"column":36},"end":{"line":15,"column":43}},{"start":{"line":15,"column":47},"end":{"line":15,"column":66}}],"line":15}},"s":{"0":11},"f":{"0":11},"b":{"0":[9],"1":[11,9]},"_coverageSchema":"1a1c01bbd47fc00a2c39e90264f33305004495a9","hash":"9e173e8e74d516cec7a72d55fa0eb8ba5d95bbb8"}
,"/Users/Marcos.Veloso/Documents/myProjects/iweather-tests/src/components/WeatherItem/styles.ts": {"path":"/Users/Marcos.Veloso/Documents/myProjects/iweather-tests/src/components/WeatherItem/styles.ts","statementMap":{"0":{"start":{"line":4,"column":22},"end":{"line":27,"column":2}}},"fnMap":{},"branchMap":{},"s":{"0":2},"f":{},"b":{},"_coverageSchema":"1a1c01bbd47fc00a2c39e90264f33305004495a9","hash":"e528c4bcc69d965e263ad8aa91c96ee895e5faee"}
,"/Users/Marcos.Veloso/Documents/myProjects/iweather-tests/src/components/WeatherToday/index.tsx": {"path":"/Users/Marcos.Veloso/Documents/myProjects/iweather-tests/src/components/WeatherToday/index.tsx","statementMap":{"0":{"start":{"line":23,"column":16},"end":{"line":23,"column":72}},"1":{"start":{"line":24,"column":16},"end":{"line":24,"column":27}},"2":{"start":{"line":26,"column":16},"end":{"line":26,"column":73}},"3":{"start":{"line":27,"column":15},"end":{"line":27,"column":78}},"4":{"start":{"line":29,"column":2},"end":{"line":59,"column":4}}},"fnMap":{"0":{"name":"WeatherToday","decl":{"start":{"line":22,"column":16},"end":{"line":22,"column":28}},"loc":{"start":{"line":22,"column":55},"end":{"line":60,"column":1}},"line":22}},"branchMap":{"0":{"loc":{"start":{"line":26,"column":16},"end":{"line":26,"column":73}},"type":"cond-expr","locations":[{"start":{"line":26,"column":24},"end":{"line":26,"column":46}},{"start":{"line":26,"column":49},"end":{"line":26,"column":73}}],"line":26},"1":{"loc":{"start":{"line":27,"column":15},"end":{"line":27,"column":78}},"type":"cond-expr","locations":[{"start":{"line":27,"column":23},"end":{"line":27,"column":48}},{"start":{"line":27,"column":51},"end":{"line":27,"column":78}}],"line":27}},"s":{"0":2,"1":2,"2":2,"3":2,"4":2},"f":{"0":2},"b":{"0":[2,0],"1":[2,0]},"_coverageSchema":"1a1c01bbd47fc00a2c39e90264f33305004495a9","hash":"047ec745364671ffafed5267f75b719fe3e87702"}
,"/Users/Marcos.Veloso/Documents/myProjects/iweather-tests/src/components/WeatherToday/styles.ts": {"path":"/Users/Marcos.Veloso/Documents/myProjects/iweather-tests/src/components/WeatherToday/styles.ts","statementMap":{"0":{"start":{"line":4,"column":22},"end":{"line":48,"column":2}}},"fnMap":{},"branchMap":{},"s":{"0":1},"f":{},"b":{},"_coverageSchema":"1a1c01bbd47fc00a2c39e90264f33305004495a9","hash":"4e9cfad661caa1f0f0012150d6af05fb769af8e0"}
,"/Users/Marcos.Veloso/Documents/myProjects/iweather-tests/src/contexts/CityContext.tsx": {"path":"/Users/Marcos.Veloso/Documents/myProjects/iweather-tests/src/contexts/CityContext.tsx","statementMap":{"0":{"start":{"line":16,"column":27},"end":{"line":16,"column":90}},"1":{"start":{"line":19,"column":44},"end":{"line":19,"column":58}},"2":{"start":{"line":20,"column":26},"end":{"line":20,"column":58}},"3":{"start":{"line":23,"column":4},"end":{"line":23,"column":27}},"4":{"start":{"line":25,"column":4},"end":{"line":25,"column":40}},"5":{"start":{"line":26,"column":4},"end":{"line":26,"column":26}},"6":{"start":{"line":28,"column":4},"end":{"line":28,"column":28}},"7":{"start":{"line":31,"column":2},"end":{"line":38,"column":9}},"8":{"start":{"line":32,"column":4},"end":{"line":32,"column":27}},"9":{"start":{"line":35,"column":4},"end":{"line":37,"column":46}},"10":{"start":{"line":36,"column":22},"end":{"line":36,"column":35}},"11":{"start":{"line":37,"column":21},"end":{"line":37,"column":44}},"12":{"start":{"line":40,"column":2},"end":{"line":48,"column":3}}},"fnMap":{"0":{"name":"CityProvider","decl":{"start":{"line":18,"column":16},"end":{"line":18,"column":28}},"loc":{"start":{"line":18,"column":69},"end":{"line":49,"column":1}},"line":18},"1":{"name":"handleChanceCity","decl":{"start":{"line":22,"column":17},"end":{"line":22,"column":33}},"loc":{"start":{"line":22,"column":59},"end":{"line":29,"column":3}},"line":22},"2":{"name":"(anonymous_2)","decl":{"start":{"line":31,"column":12},"end":{"line":31,"column":13}},"loc":{"start":{"line":31,"column":18},"end":{"line":38,"column":3}},"line":31},"3":{"name":"(anonymous_3)","decl":{"start":{"line":36,"column":12},"end":{"line":36,"column":13}},"loc":{"start":{"line":36,"column":22},"end":{"line":36,"column":35}},"line":36},"4":{"name":"(anonymous_4)","decl":{"start":{"line":37,"column":15},"end":{"line":37,"column":16}},"loc":{"start":{"line":37,"column":21},"end":{"line":37,"column":44}},"line":37}},"branchMap":{},"s":{"0":2,"1":12,"2":12,"3":1,"4":1,"5":1,"6":1,"7":12,"8":4,"9":4,"10":4,"11":4,"12":12},"f":{"0":12,"1":1,"2":4,"3":4,"4":4},"b":{},"_coverageSchema":"1a1c01bbd47fc00a2c39e90264f33305004495a9","hash":"f3213f3318902d6ca0bfbb43fa8cbaef9fc30501"}
,"/Users/Marcos.Veloso/Documents/myProjects/iweather-tests/src/hooks/useCity.ts": {"path":"/Users/Marcos.Veloso/Documents/myProjects/iweather-tests/src/hooks/useCity.ts","statementMap":{"0":{"start":{"line":6,"column":18},"end":{"line":6,"column":41}},"1":{"start":{"line":8,"column":2},"end":{"line":8,"column":16}}},"fnMap":{"0":{"name":"useCity","decl":{"start":{"line":5,"column":16},"end":{"line":5,"column":23}},"loc":{"start":{"line":5,"column":26},"end":{"line":9,"column":1}},"line":5}},"branchMap":{},"s":{"0":23,"1":23},"f":{"0":23},"b":{},"_coverageSchema":"1a1c01bbd47fc00a2c39e90264f33305004495a9","hash":"0ca507546964286d8af2d6ddcde843c1bc45ca07"}
,"/Users/Marcos.Veloso/Documents/myProjects/iweather-tests/src/libs/asyncStorage/cityStorage.ts": {"path":"/Users/Marcos.Veloso/Documents/myProjects/iweather-tests/src/libs/asyncStorage/cityStorage.ts","statementMap":{"0":{"start":{"line":4,"column":20},"end":{"line":4,"column":36}},"1":{"start":{"line":7,"column":18},"end":{"line":7,"column":57}},"2":{"start":{"line":9,"column":19},"end":{"line":9,"column":68}},"3":{"start":{"line":11,"column":2},"end":{"line":11,"column":18}},"4":{"start":{"line":15,"column":2},"end":{"line":15,"column":64}},"5":{"start":{"line":19,"column":2},"end":{"line":19,"column":45}}},"fnMap":{"0":{"name":"getStorageCity","decl":{"start":{"line":6,"column":22},"end":{"line":6,"column":36}},"loc":{"start":{"line":6,"column":39},"end":{"line":12,"column":1}},"line":6},"1":{"name":"saveStorageCity","decl":{"start":{"line":14,"column":22},"end":{"line":14,"column":37}},"loc":{"start":{"line":14,"column":55},"end":{"line":16,"column":1}},"line":14},"2":{"name":"removeStorageCity","decl":{"start":{"line":18,"column":22},"end":{"line":18,"column":39}},"loc":{"start":{"line":18,"column":42},"end":{"line":20,"column":1}},"line":18}},"branchMap":{"0":{"loc":{"start":{"line":9,"column":19},"end":{"line":9,"column":68}},"type":"cond-expr","locations":[{"start":{"line":9,"column":29},"end":{"line":9,"column":61}},{"start":{"line":9,"column":64},"end":{"line":9,"column":68}}],"line":9}},"s":{"0":3,"1":7,"2":7,"3":7,"4":4,"5":1},"f":{"0":7,"1":4,"2":1},"b":{"0":[3,4]},"_coverageSchema":"1a1c01bbd47fc00a2c39e90264f33305004495a9","hash":"e51123fa0a1bfa23c2a8ecb98a77c8c78d8be640"}
,"/Users/Marcos.Veloso/Documents/myProjects/iweather-tests/src/routes/app.routes.tsx": {"path":"/Users/Marcos.Veloso/Documents/myProjects/iweather-tests/src/routes/app.routes.tsx","statementMap":{"0":{"start":{"line":7,"column":30},"end":{"line":7,"column":58}},"1":{"start":{"line":10,"column":2},"end":{"line":22,"column":3}}},"fnMap":{"0":{"name":"AppRoutes","decl":{"start":{"line":9,"column":16},"end":{"line":9,"column":25}},"loc":{"start":{"line":9,"column":28},"end":{"line":23,"column":1}},"line":9}},"branchMap":{},"s":{"0":1,"1":4},"f":{"0":4},"b":{},"_coverageSchema":"1a1c01bbd47fc00a2c39e90264f33305004495a9","hash":"279eb365295af44bc1a65113849f89291f7e5851"}
,"/Users/Marcos.Veloso/Documents/myProjects/iweather-tests/src/routes/index.tsx": {"path":"/Users/Marcos.Veloso/Documents/myProjects/iweather-tests/src/routes/index.tsx","statementMap":{"0":{"start":{"line":12,"column":19},"end":{"line":12,"column":28}},"1":{"start":{"line":13,"column":17},"end":{"line":13,"column":36}},"2":{"start":{"line":15,"column":2},"end":{"line":21,"column":4}}},"fnMap":{"0":{"name":"Routes","decl":{"start":{"line":11,"column":16},"end":{"line":11,"column":22}},"loc":{"start":{"line":11,"column":25},"end":{"line":22,"column":1}},"line":11}},"branchMap":{"0":{"loc":{"start":{"line":18,"column":9},"end":{"line":18,"column":45}},"type":"cond-expr","locations":[{"start":{"line":18,"column":16},"end":{"line":18,"column":29}},{"start":{"line":18,"column":32},"end":{"line":18,"column":45}}],"line":18}},"s":{"0":8,"1":8,"2":8},"f":{"0":8},"b":{"0":[4,4]},"_coverageSchema":"1a1c01bbd47fc00a2c39e90264f33305004495a9","hash":"5bef7b6492229da61e1d89f87321337a47c5906e"}
,"/Users/Marcos.Veloso/Documents/myProjects/iweather-tests/src/screens/Dashboard/index.tsx": {"path":"/Users/Marcos.Veloso/Documents/myProjects/iweather-tests/src/screens/Dashboard/index.tsx","statementMap":{"0":{"start":{"line":17,"column":30},"end":{"line":17,"column":42}},"1":{"start":{"line":18,"column":40},"end":{"line":18,"column":55}},"2":{"start":{"line":19,"column":30},"end":{"line":19,"column":55}},"3":{"start":{"line":20,"column":50},"end":{"line":20,"column":64}},"4":{"start":{"line":21,"column":32},"end":{"line":21,"column":90}},"5":{"start":{"line":23,"column":52},"end":{"line":23,"column":61}},"6":{"start":{"line":26,"column":4},"end":{"line":26,"column":28}},"7":{"start":{"line":27,"column":4},"end":{"line":27,"column":18}},"8":{"start":{"line":28,"column":4},"end":{"line":28,"column":18}},"9":{"start":{"line":32,"column":4},"end":{"line":34,"column":5}},"10":{"start":{"line":33,"column":6},"end":{"line":33,"column":13}},"11":{"start":{"line":36,"column":4},"end":{"line":36,"column":30}},"12":{"start":{"line":38,"column":36},"end":{"line":38,"column":40}},"13":{"start":{"line":39,"column":21},"end":{"line":39,"column":75}},"14":{"start":{"line":41,"column":4},"end":{"line":41,"column":25}},"15":{"start":{"line":42,"column":4},"end":{"line":42,"column":31}},"16":{"start":{"line":46,"column":4},"end":{"line":46,"column":25}},"17":{"start":{"line":48,"column":21},"end":{"line":48,"column":53}},"18":{"start":{"line":50,"column":4},"end":{"line":50,"column":24}},"19":{"start":{"line":51,"column":4},"end":{"line":51,"column":26}},"20":{"start":{"line":54,"column":2},"end":{"line":63,"column":15}},"21":{"start":{"line":55,"column":4},"end":{"line":57,"column":5}},"22":{"start":{"line":56,"column":6},"end":{"line":56,"column":13}},"23":{"start":{"line":59,"column":4},"end":{"line":59,"column":21}},"24":{"start":{"line":60,"column":21},"end":{"line":60,"column":61}},"25":{"start":{"line":60,"column":38},"end":{"line":60,"column":55}},"26":{"start":{"line":62,"column":4},"end":{"line":62,"column":41}},"27":{"start":{"line":62,"column":17},"end":{"line":62,"column":40}},"28":{"start":{"line":65,"column":2},"end":{"line":67,"column":13}},"29":{"start":{"line":66,"column":4},"end":{"line":66,"column":24}},"30":{"start":{"line":69,"column":2},"end":{"line":71,"column":3}},"31":{"start":{"line":70,"column":4},"end":{"line":70,"column":23}},"32":{"start":{"line":73,"column":2},"end":{"line":91,"column":4}}},"fnMap":{"0":{"name":"Dashboard","decl":{"start":{"line":16,"column":16},"end":{"line":16,"column":25}},"loc":{"start":{"line":16,"column":28},"end":{"line":92,"column":1}},"line":16},"1":{"name":"handleSelect","decl":{"start":{"line":25,"column":11},"end":{"line":25,"column":23}},"loc":{"start":{"line":25,"column":42},"end":{"line":29,"column":3}},"line":25},"2":{"name":"getWeatherDetails","decl":{"start":{"line":31,"column":17},"end":{"line":31,"column":34}},"loc":{"start":{"line":31,"column":37},"end":{"line":43,"column":3}},"line":31},"3":{"name":"getCities","decl":{"start":{"line":45,"column":17},"end":{"line":45,"column":26}},"loc":{"start":{"line":45,"column":41},"end":{"line":52,"column":3}},"line":45},"4":{"name":"(anonymous_4)","decl":{"start":{"line":54,"column":12},"end":{"line":54,"column":13}},"loc":{"start":{"line":54,"column":18},"end":{"line":63,"column":3}},"line":54},"5":{"name":"(anonymous_5)","decl":{"start":{"line":60,"column":32},"end":{"line":60,"column":33}},"loc":{"start":{"line":60,"column":38},"end":{"line":60,"column":55}},"line":60},"6":{"name":"(anonymous_6)","decl":{"start":{"line":62,"column":11},"end":{"line":62,"column":12}},"loc":{"start":{"line":62,"column":17},"end":{"line":62,"column":40}},"line":62},"7":{"name":"(anonymous_7)","decl":{"start":{"line":65,"column":12},"end":{"line":65,"column":13}},"loc":{"start":{"line":65,"column":18},"end":{"line":67,"column":3}},"line":65}},"branchMap":{"0":{"loc":{"start":{"line":32,"column":4},"end":{"line":34,"column":5}},"type":"if","locations":[{"start":{"line":32,"column":4},"end":{"line":34,"column":5}},{"start":{},"end":{}}],"line":32},"1":{"loc":{"start":{"line":55,"column":4},"end":{"line":57,"column":5}},"type":"if","locations":[{"start":{"line":55,"column":4},"end":{"line":57,"column":5}},{"start":{},"end":{}}],"line":55},"2":{"loc":{"start":{"line":69,"column":2},"end":{"line":71,"column":3}},"type":"if","locations":[{"start":{"line":69,"column":2},"end":{"line":71,"column":3}},{"start":{},"end":{}}],"line":69},"3":{"loc":{"start":{"line":69,"column":6},"end":{"line":69,"column":48}},"type":"binary-expr","locations":[{"start":{"line":69,"column":6},"end":{"line":69,"column":22}},{"start":{"line":69,"column":26},"end":{"line":69,"column":39}},{"start":{"line":69,"column":43},"end":{"line":69,"column":48}}],"line":69}},"s":{"0":8,"1":8,"2":8,"3":8,"4":8,"5":8,"6":0,"7":0,"8":0,"9":2,"10":0,"11":2,"12":2,"13":2,"14":2,"15":2,"16":0,"17":0,"18":0,"19":0,"20":8,"21":2,"22":2,"23":0,"24":0,"25":0,"26":0,"27":0,"28":8,"29":2,"30":8,"31":6,"32":2},"f":{"0":8,"1":0,"2":2,"3":0,"4":2,"5":0,"6":0,"7":2},"b":{"0":[0,2],"1":[2,0],"2":[6,2],"3":[8,2,2]},"_coverageSchema":"1a1c01bbd47fc00a2c39e90264f33305004495a9","hash":"e181c11701170b6f73235b1631f75c6d73a5ec28"}
,"/Users/Marcos.Veloso/Documents/myProjects/iweather-tests/src/screens/Dashboard/styles.ts": {"path":"/Users/Marcos.Veloso/Documents/myProjects/iweather-tests/src/screens/Dashboard/styles.ts","statementMap":{"0":{"start":{"line":4,"column":22},"end":{"line":16,"column":2}}},"fnMap":{},"branchMap":{},"s":{"0":1},"f":{},"b":{},"_coverageSchema":"1a1c01bbd47fc00a2c39e90264f33305004495a9","hash":"1a417e723f97903463c10e004d4eabe19f62bada"}
,"/Users/Marcos.Veloso/Documents/myProjects/iweather-tests/src/screens/Search/index.tsx": {"path":"/Users/Marcos.Veloso/Documents/myProjects/iweather-tests/src/screens/Search/index.tsx","statementMap":{"0":{"start":{"line":25,"column":19},"end":{"line":25,"column":43}},"1":{"start":{"line":28,"column":18},"end":{"line":28,"column":37}},"2":{"start":{"line":30,"column":30},"end":{"line":30,"column":42}},"3":{"start":{"line":31,"column":36},"end":{"line":31,"column":51}},"4":{"start":{"line":32,"column":30},"end":{"line":32,"column":55}},"5":{"start":{"line":34,"column":31},"end":{"line":34,"column":40}},"6":{"start":{"line":37,"column":4},"end":{"line":37,"column":23}},"7":{"start":{"line":39,"column":21},"end":{"line":39,"column":53}},"8":{"start":{"line":41,"column":4},"end":{"line":41,"column":24}},"9":{"start":{"line":42,"column":4},"end":{"line":42,"column":24}},"10":{"start":{"line":45,"column":2},"end":{"line":53,"column":15}},"11":{"start":{"line":46,"column":4},"end":{"line":48,"column":5}},"12":{"start":{"line":47,"column":6},"end":{"line":47,"column":13}},"13":{"start":{"line":50,"column":21},"end":{"line":50,"column":61}},"14":{"start":{"line":50,"column":38},"end":{"line":50,"column":55}},"15":{"start":{"line":52,"column":4},"end":{"line":52,"column":41}},"16":{"start":{"line":52,"column":17},"end":{"line":52,"column":40}},"17":{"start":{"line":55,"column":2},"end":{"line":94,"column":4}}},"fnMap":{"0":{"name":"Search","decl":{"start":{"line":27,"column":16},"end":{"line":27,"column":22}},"loc":{"start":{"line":27,"column":25},"end":{"line":95,"column":1}},"line":27},"1":{"name":"getCities","decl":{"start":{"line":36,"column":17},"end":{"line":36,"column":26}},"loc":{"start":{"line":36,"column":41},"end":{"line":43,"column":3}},"line":36},"2":{"name":"(anonymous_2)","decl":{"start":{"line":45,"column":12},"end":{"line":45,"column":13}},"loc":{"start":{"line":45,"column":18},"end":{"line":53,"column":3}},"line":45},"3":{"name":"(anonymous_3)","decl":{"start":{"line":50,"column":32},"end":{"line":50,"column":33}},"loc":{"start":{"line":50,"column":38},"end":{"line":50,"column":55}},"line":50},"4":{"name":"(anonymous_4)","decl":{"start":{"line":52,"column":11},"end":{"line":52,"column":12}},"loc":{"start":{"line":52,"column":17},"end":{"line":52,"column":40}},"line":52}},"branchMap":{"0":{"loc":{"start":{"line":46,"column":4},"end":{"line":48,"column":5}},"type":"if","locations":[{"start":{"line":46,"column":4},"end":{"line":48,"column":5}},{"start":{},"end":{}}],"line":46},"1":{"loc":{"start":{"line":66,"column":20},"end":{"line":66,"column":64}},"type":"cond-expr","locations":[{"start":{"line":66,"column":44},"end":{"line":66,"column":53}},{"start":{"line":66,"column":56},"end":{"line":66,"column":64}}],"line":66},"2":{"loc":{"start":{"line":68,"column":34},"end":{"line":68,"column":68}},"type":"cond-expr","locations":[{"start":{"line":68,"column":58},"end":{"line":68,"column":61}},{"start":{"line":68,"column":64},"end":{"line":68,"column":68}}],"line":68}},"s":{"0":1,"1":4,"2":4,"3":4,"4":4,"5":4,"6":0,"7":0,"8":0,"9":0,"10":4,"11":3,"12":3,"13":0,"14":0,"15":0,"16":0,"17":4},"f":{"0":4,"1":0,"2":3,"3":0,"4":0},"b":{"0":[3,0],"1":[4,0],"2":[4,0]},"_coverageSchema":"1a1c01bbd47fc00a2c39e90264f33305004495a9","hash":"ce88a01c88978657c39113f519860fddbb426bc5"}
,"/Users/Marcos.Veloso/Documents/myProjects/iweather-tests/src/screens/Search/styles.ts": {"path":"/Users/Marcos.Veloso/Documents/myProjects/iweather-tests/src/screens/Search/styles.ts","statementMap":{"0":{"start":{"line":4,"column":19},"end":{"line":4,"column":43}},"1":{"start":{"line":6,"column":22},"end":{"line":39,"column":2}}},"fnMap":{},"branchMap":{},"s":{"0":1,"1":1},"f":{},"b":{},"_coverageSchema":"1a1c01bbd47fc00a2c39e90264f33305004495a9","hash":"e824003ebbce445bb118ace76d359785e4e90249"}
,"/Users/Marcos.Veloso/Documents/myProjects/iweather-tests/src/services/api.ts": {"path":"/Users/Marcos.Veloso/Documents/myProjects/iweather-tests/src/services/api.ts","statementMap":{"0":{"start":{"line":3,"column":19},"end":{"line":10,"column":2}}},"fnMap":{},"branchMap":{},"s":{"0":3},"f":{},"b":{},"_coverageSchema":"1a1c01bbd47fc00a2c39e90264f33305004495a9","hash":"3a3c288007cef9eacab292553f5234e1d90415ab"}
,"/Users/Marcos.Veloso/Documents/myProjects/iweather-tests/src/services/getCityByNameService.ts": {"path":"/Users/Marcos.Veloso/Documents/myProjects/iweather-tests/src/services/getCityByNameService.ts","statementMap":{"0":{"start":{"line":23,"column":2},"end":{"line":36,"column":3}},"1":{"start":{"line":24,"column":21},"end":{"line":24,"column":73}},"2":{"start":{"line":26,"column":17},"end":{"line":31,"column":5}},"3":{"start":{"line":33,"column":4},"end":{"line":33,"column":18}},"4":{"start":{"line":35,"column":4},"end":{"line":35,"column":14}}},"fnMap":{"0":{"name":"getCityByNameService","decl":{"start":{"line":22,"column":22},"end":{"line":22,"column":42}},"loc":{"start":{"line":22,"column":84},"end":{"line":37,"column":1}},"line":22}},"branchMap":{"0":{"loc":{"start":{"line":28,"column":12},"end":{"line":28,"column":78}},"type":"cond-expr","locations":[{"start":{"line":28,"column":31},"end":{"line":28,"column":66}},{"start":{"line":28,"column":69},"end":{"line":28,"column":78}}],"line":28}},"s":{"0":1,"1":1,"2":1,"3":1,"4":0},"f":{"0":1},"b":{"0":[1,0]},"_coverageSchema":"1a1c01bbd47fc00a2c39e90264f33305004495a9","hash":"58fa867bdb8697ba6200d405c6ccb3ae58a17197"}
,"/Users/Marcos.Veloso/Documents/myProjects/iweather-tests/src/services/getWeatherByCityService.ts": {"path":"/Users/Marcos.Veloso/Documents/myProjects/iweather-tests/src/services/getWeatherByCityService.ts","statementMap":{"0":{"start":{"line":46,"column":19},"end":{"line":46,"column":103}},"1":{"start":{"line":47,"column":39},"end":{"line":47,"column":51}},"2":{"start":{"line":49,"column":16},"end":{"line":64,"column":3}},"3":{"start":{"line":66,"column":15},"end":{"line":66,"column":28}},"4":{"start":{"line":67,"column":30},"end":{"line":67,"column":32}},"5":{"start":{"line":68,"column":31},"end":{"line":68,"column":33}},"6":{"start":{"line":70,"column":2},"end":{"line":88,"column":5}},"7":{"start":{"line":71,"column":16},"end":{"line":71,"column":60}},"8":{"start":{"line":73,"column":4},"end":{"line":87,"column":5}},"9":{"start":{"line":74,"column":6},"end":{"line":74,"column":26}},"10":{"start":{"line":76,"column":44},"end":{"line":76,"column":64}},"11":{"start":{"line":78,"column":22},"end":{"line":78,"column":42}},"12":{"start":{"line":80,"column":6},"end":{"line":86,"column":9}},"13":{"start":{"line":90,"column":2},"end":{"line":90,"column":28}}},"fnMap":{"0":{"name":"getWeatherByCityService","decl":{"start":{"line":45,"column":22},"end":{"line":45,"column":45}},"loc":{"start":{"line":45,"column":126},"end":{"line":91,"column":1}},"line":45},"1":{"name":"(anonymous_1)","decl":{"start":{"line":70,"column":20},"end":{"line":70,"column":21}},"loc":{"start":{"line":70,"column":35},"end":{"line":88,"column":3}},"line":70}},"branchMap":{"0":{"loc":{"start":{"line":73,"column":4},"end":{"line":87,"column":5}},"type":"if","locations":[{"start":{"line":73,"column":4},"end":{"line":87,"column":5}},{"start":{},"end":{}}],"line":73},"1":{"loc":{"start":{"line":73,"column":8},"end":{"line":73,"column":54}},"type":"binary-expr","locations":[{"start":{"line":73,"column":8},"end":{"line":73,"column":26}},{"start":{"line":73,"column":30},"end":{"line":73,"column":54}}],"line":73}},"s":{"0":3,"1":3,"2":3,"3":3,"4":3,"5":3,"6":3,"7":6,"8":6,"9":3,"10":3,"11":3,"12":3,"13":3},"f":{"0":3,"1":6},"b":{"0":[3,3],"1":[6,6]},"_coverageSchema":"1a1c01bbd47fc00a2c39e90264f33305004495a9","hash":"0dd921f22a5a1020d8427e1ed22ebec58c1557f5"}
,"/Users/Marcos.Veloso/Documents/myProjects/iweather-tests/src/styles/theme.ts": {"path":"/Users/Marcos.Veloso/Documents/myProjects/iweather-tests/src/styles/theme.ts","statementMap":{"0":{"start":{"line":1,"column":21},"end":{"line":23,"column":1}}},"fnMap":{},"branchMap":{},"s":{"0":6},"f":{},"b":{},"_coverageSchema":"1a1c01bbd47fc00a2c39e90264f33305004495a9","hash":"29400007efd5d5fa9907d3720462c063d4366bba"}
,"/Users/Marcos.Veloso/Documents/myProjects/iweather-tests/src/utils/getNextDays.ts": {"path":"/Users/Marcos.Veloso/Documents/myProjects/iweather-tests/src/utils/getNextDays.ts","statementMap":{"0":{"start":{"line":4,"column":15},"end":{"line":4,"column":17}},"1":{"start":{"line":5,"column":16},"end":{"line":5,"column":26}},"2":{"start":{"line":7,"column":2},"end":{"line":13,"column":3}},"3":{"start":{"line":7,"column":15},"end":{"line":7,"column":16}},"4":{"start":{"line":8,"column":17},"end":{"line":8,"column":27}},"5":{"start":{"line":10,"column":4},"end":{"line":10,"column":44}},"6":{"start":{"line":12,"column":4},"end":{"line":12,"column":43}},"7":{"start":{"line":15,"column":2},"end":{"line":15,"column":14}}},"fnMap":{"0":{"name":"getNextDays","decl":{"start":{"line":3,"column":16},"end":{"line":3,"column":27}},"loc":{"start":{"line":3,"column":30},"end":{"line":16,"column":1}},"line":3}},"branchMap":{},"s":{"0":4,"1":4,"2":4,"3":4,"4":20,"5":20,"6":20,"7":4},"f":{"0":4},"b":{},"_coverageSchema":"1a1c01bbd47fc00a2c39e90264f33305004495a9","hash":"c454094b284cf99d843f1f71f757ab316a8bf011"}
,"/Users/Marcos.Veloso/Documents/myProjects/iweather-tests/src/utils/isDayTime.ts": {"path":"/Users/Marcos.Veloso/Documents/myProjects/iweather-tests/src/utils/isDayTime.ts","statementMap":{"0":{"start":{"line":2,"column":16},"end":{"line":2,"column":37}},"1":{"start":{"line":3,"column":2},"end":{"line":3,"column":33}}},"fnMap":{"0":{"name":"isDayTime","decl":{"start":{"line":1,"column":16},"end":{"line":1,"column":25}},"loc":{"start":{"line":1,"column":28},"end":{"line":4,"column":1}},"line":1}},"branchMap":{"0":{"loc":{"start":{"line":3,"column":9},"end":{"line":3,"column":32}},"type":"binary-expr","locations":[{"start":{"line":3,"column":9},"end":{"line":3,"column":18}},{"start":{"line":3,"column":22},"end":{"line":3,"column":32}}],"line":3}},"s":{"0":2,"1":2},"f":{"0":2},"b":{"0":[2,2]},"_coverageSchema":"1a1c01bbd47fc00a2c39e90264f33305004495a9","hash":"95d81c260fd0f265aa0ca83ae8b437c7cf065a37"}
,"/Users/Marcos.Veloso/Documents/myProjects/iweather-tests/src/utils/weatherIcons.ts": {"path":"/Users/Marcos.Veloso/Documents/myProjects/iweather-tests/src/utils/weatherIcons.ts","statementMap":{"0":{"start":{"line":20,"column":28},"end":{"line":49,"column":1}}},"fnMap":{},"branchMap":{},"s":{"0":2},"f":{},"b":{},"_coverageSchema":"1a1c01bbd47fc00a2c39e90264f33305004495a9","hash":"01af0a6db9b2c1799d2445f7d33d379c40dbeffc"}
}
